Apr 11, 2015 5:05:25 PM org.apache.catalina.startup.VersionLoggerListener log
INFO: Server version:        Apache Tomcat/7.0.61
Apr 11, 2015 5:05:25 PM org.apache.catalina.startup.VersionLoggerListener log
INFO: Server built:          Mar 27 2015 12:03:56 UTC
Apr 11, 2015 5:05:25 PM org.apache.catalina.startup.VersionLoggerListener log
INFO: Server number:         7.0.61.0
Apr 11, 2015 5:05:25 PM org.apache.catalina.startup.VersionLoggerListener log
INFO: OS Name:               Mac OS X
Apr 11, 2015 5:05:25 PM org.apache.catalina.startup.VersionLoggerListener log
INFO: OS Version:            10.10.2
Apr 11, 2015 5:05:25 PM org.apache.catalina.startup.VersionLoggerListener log
INFO: Architecture:          x86_64
Apr 11, 2015 5:05:25 PM org.apache.catalina.startup.VersionLoggerListener log
INFO: Java Home:             /Library/Java/JavaVirtualMachines/jdk1.7.0_55.jdk/Contents/Home/jre
Apr 11, 2015 5:05:25 PM org.apache.catalina.startup.VersionLoggerListener log
INFO: JVM Version:           1.7.0_55-b13
Apr 11, 2015 5:05:25 PM org.apache.catalina.startup.VersionLoggerListener log
INFO: JVM Vendor:            Oracle Corporation
Apr 11, 2015 5:05:25 PM org.apache.catalina.startup.VersionLoggerListener log
INFO: CATALINA_BASE:         /Users/joseph/Development/asteroid-visualization/apache-tomcat-7.0.61
Apr 11, 2015 5:05:25 PM org.apache.catalina.startup.VersionLoggerListener log
INFO: CATALINA_HOME:         /Users/joseph/Development/asteroid-visualization/apache-tomcat-7.0.61
Apr 11, 2015 5:05:25 PM org.apache.catalina.startup.VersionLoggerListener log
INFO: Command line argument: -Djava.util.logging.config.file=/Users/joseph/Development/asteroid-visualization/apache-tomcat-7.0.61/conf/logging.properties
Apr 11, 2015 5:05:25 PM org.apache.catalina.startup.VersionLoggerListener log
INFO: Command line argument: -Djava.util.logging.manager=org.apache.juli.ClassLoaderLogManager
Apr 11, 2015 5:05:25 PM org.apache.catalina.startup.VersionLoggerListener log
INFO: Command line argument: -Djava.endorsed.dirs=/Users/joseph/Development/asteroid-visualization/apache-tomcat-7.0.61/endorsed
Apr 11, 2015 5:05:25 PM org.apache.catalina.startup.VersionLoggerListener log
INFO: Command line argument: -Dcatalina.base=/Users/joseph/Development/asteroid-visualization/apache-tomcat-7.0.61
Apr 11, 2015 5:05:25 PM org.apache.catalina.startup.VersionLoggerListener log
INFO: Command line argument: -Dcatalina.home=/Users/joseph/Development/asteroid-visualization/apache-tomcat-7.0.61
Apr 11, 2015 5:05:25 PM org.apache.catalina.startup.VersionLoggerListener log
INFO: Command line argument: -Djava.io.tmpdir=/Users/joseph/Development/asteroid-visualization/apache-tomcat-7.0.61/temp
Apr 11, 2015 5:05:25 PM org.apache.catalina.core.AprLifecycleListener lifecycleEvent
INFO: The APR based Apache Tomcat Native library which allows optimal performance in production environments was not found on the java.library.path: /Users/joseph/Library/Java/Extensions:/Library/Java/Extensions:/Network/Library/Java/Extensions:/System/Library/Java/Extensions:/usr/lib/java:.
Apr 11, 2015 5:05:26 PM org.apache.coyote.AbstractProtocol init
INFO: Initializing ProtocolHandler ["http-bio-8080"]
Apr 11, 2015 5:05:26 PM org.apache.coyote.AbstractProtocol init
SEVERE: Failed to initialize end point associated with ProtocolHandler ["http-bio-8080"]
java.net.BindException: Address already in use <null>:8080
	at org.apache.tomcat.util.net.JIoEndpoint.bind(JIoEndpoint.java:413)
	at org.apache.tomcat.util.net.AbstractEndpoint.init(AbstractEndpoint.java:649)
	at org.apache.coyote.AbstractProtocol.init(AbstractProtocol.java:434)
	at org.apache.coyote.http11.AbstractHttp11JsseProtocol.init(AbstractHttp11JsseProtocol.java:119)
	at org.apache.catalina.connector.Connector.initInternal(Connector.java:978)
	at org.apache.catalina.util.LifecycleBase.init(LifecycleBase.java:102)
	at org.apache.catalina.core.StandardService.initInternal(StandardService.java:559)
	at org.apache.catalina.util.LifecycleBase.init(LifecycleBase.java:102)
	at org.apache.catalina.core.StandardServer.initInternal(StandardServer.java:821)
	at org.apache.catalina.util.LifecycleBase.init(LifecycleBase.java:102)
	at org.apache.catalina.startup.Catalina.load(Catalina.java:638)
	at org.apache.catalina.startup.Catalina.load(Catalina.java:663)
	at sun.reflect.NativeMethodAccessorImpl.invoke0(Native Method)
	at sun.reflect.NativeMethodAccessorImpl.invoke(NativeMethodAccessorImpl.java:57)
	at sun.reflect.DelegatingMethodAccessorImpl.invoke(DelegatingMethodAccessorImpl.java:43)
	at java.lang.reflect.Method.invoke(Method.java:606)
	at org.apache.catalina.startup.Bootstrap.load(Bootstrap.java:280)
	at org.apache.catalina.startup.Bootstrap.main(Bootstrap.java:454)
Caused by: java.net.BindException: Address already in use
	at java.net.PlainSocketImpl.socketBind(Native Method)
	at java.net.AbstractPlainSocketImpl.bind(AbstractPlainSocketImpl.java:376)
	at java.net.ServerSocket.bind(ServerSocket.java:376)
	at java.net.ServerSocket.<init>(ServerSocket.java:237)
	at java.net.ServerSocket.<init>(ServerSocket.java:181)
	at org.apache.tomcat.util.net.DefaultServerSocketFactory.createSocket(DefaultServerSocketFactory.java:49)
	at org.apache.tomcat.util.net.JIoEndpoint.bind(JIoEndpoint.java:400)
	... 17 more

Apr 11, 2015 5:05:26 PM org.apache.catalina.core.StandardService initInternal
SEVERE: Failed to initialize connector [Connector[HTTP/1.1-8080]]
org.apache.catalina.LifecycleException: Failed to initialize component [Connector[HTTP/1.1-8080]]
	at org.apache.catalina.util.LifecycleBase.init(LifecycleBase.java:106)
	at org.apache.catalina.core.StandardService.initInternal(StandardService.java:559)
	at org.apache.catalina.util.LifecycleBase.init(LifecycleBase.java:102)
	at org.apache.catalina.core.StandardServer.initInternal(StandardServer.java:821)
	at org.apache.catalina.util.LifecycleBase.init(LifecycleBase.java:102)
	at org.apache.catalina.startup.Catalina.load(Catalina.java:638)
	at org.apache.catalina.startup.Catalina.load(Catalina.java:663)
	at sun.reflect.NativeMethodAccessorImpl.invoke0(Native Method)
	at sun.reflect.NativeMethodAccessorImpl.invoke(NativeMethodAccessorImpl.java:57)
	at sun.reflect.DelegatingMethodAccessorImpl.invoke(DelegatingMethodAccessorImpl.java:43)
	at java.lang.reflect.Method.invoke(Method.java:606)
	at org.apache.catalina.startup.Bootstrap.load(Bootstrap.java:280)
	at org.apache.catalina.startup.Bootstrap.main(Bootstrap.java:454)
Caused by: org.apache.catalina.LifecycleException: Protocol handler initialization failed
	at org.apache.catalina.connector.Connector.initInternal(Connector.java:980)
	at org.apache.catalina.util.LifecycleBase.init(LifecycleBase.java:102)
	... 12 more
Caused by: java.net.BindException: Address already in use <null>:8080
	at org.apache.tomcat.util.net.JIoEndpoint.bind(JIoEndpoint.java:413)
	at org.apache.tomcat.util.net.AbstractEndpoint.init(AbstractEndpoint.java:649)
	at org.apache.coyote.AbstractProtocol.init(AbstractProtocol.java:434)
	at org.apache.coyote.http11.AbstractHttp11JsseProtocol.init(AbstractHttp11JsseProtocol.java:119)
	at org.apache.catalina.connector.Connector.initInternal(Connector.java:978)
	... 13 more
Caused by: java.net.BindException: Address already in use
	at java.net.PlainSocketImpl.socketBind(Native Method)
	at java.net.AbstractPlainSocketImpl.bind(AbstractPlainSocketImpl.java:376)
	at java.net.ServerSocket.bind(ServerSocket.java:376)
	at java.net.ServerSocket.<init>(ServerSocket.java:237)
	at java.net.ServerSocket.<init>(ServerSocket.java:181)
	at org.apache.tomcat.util.net.DefaultServerSocketFactory.createSocket(DefaultServerSocketFactory.java:49)
	at org.apache.tomcat.util.net.JIoEndpoint.bind(JIoEndpoint.java:400)
	... 17 more

Apr 11, 2015 5:05:26 PM org.apache.coyote.AbstractProtocol init
INFO: Initializing ProtocolHandler ["ajp-bio-8009"]
Apr 11, 2015 5:05:26 PM org.apache.catalina.startup.Catalina load
INFO: Initialization processed in 653 ms
Apr 11, 2015 5:05:26 PM org.apache.catalina.core.StandardService startInternal
INFO: Starting service Catalina
Apr 11, 2015 5:05:26 PM org.apache.catalina.core.StandardEngine startInternal
INFO: Starting Servlet Engine: Apache Tomcat/7.0.61
Apr 11, 2015 5:05:26 PM org.apache.catalina.startup.HostConfig deployWAR
INFO: Deploying web application archive /Users/joseph/Development/asteroid-visualization/apache-tomcat-7.0.61/webapps/cacheSampleJavaNativeAPIs.war
Apr 11, 2015 5:05:26 PM org.apache.catalina.startup.HostConfig deployWAR
INFO: Deployment of web application archive /Users/joseph/Development/asteroid-visualization/apache-tomcat-7.0.61/webapps/cacheSampleJavaNativeAPIs.war has finished in 475 ms
Apr 11, 2015 5:05:26 PM org.apache.catalina.startup.HostConfig deployDirectory
INFO: Deploying web application directory /Users/joseph/Development/asteroid-visualization/apache-tomcat-7.0.61/webapps/docs
Apr 11, 2015 5:05:26 PM org.apache.catalina.startup.HostConfig deployDirectory
INFO: Deployment of web application directory /Users/joseph/Development/asteroid-visualization/apache-tomcat-7.0.61/webapps/docs has finished in 51 ms
Apr 11, 2015 5:05:26 PM org.apache.catalina.startup.HostConfig deployDirectory
INFO: Deploying web application directory /Users/joseph/Development/asteroid-visualization/apache-tomcat-7.0.61/webapps/examples
Apr 11, 2015 5:05:26 PM org.apache.catalina.startup.HostConfig deployDirectory
INFO: Deployment of web application directory /Users/joseph/Development/asteroid-visualization/apache-tomcat-7.0.61/webapps/examples has finished in 261 ms
Apr 11, 2015 5:05:26 PM org.apache.catalina.startup.HostConfig deployDirectory
INFO: Deploying web application directory /Users/joseph/Development/asteroid-visualization/apache-tomcat-7.0.61/webapps/host-manager
Apr 11, 2015 5:05:26 PM org.apache.catalina.startup.HostConfig deployDirectory
INFO: Deployment of web application directory /Users/joseph/Development/asteroid-visualization/apache-tomcat-7.0.61/webapps/host-manager has finished in 51 ms
Apr 11, 2015 5:05:26 PM org.apache.catalina.startup.HostConfig deployDirectory
INFO: Deploying web application directory /Users/joseph/Development/asteroid-visualization/apache-tomcat-7.0.61/webapps/manager
Apr 11, 2015 5:05:26 PM org.apache.catalina.startup.HostConfig deployDirectory
INFO: Deployment of web application directory /Users/joseph/Development/asteroid-visualization/apache-tomcat-7.0.61/webapps/manager has finished in 48 ms
Apr 11, 2015 5:05:26 PM org.apache.catalina.startup.HostConfig deployDirectory
INFO: Deploying web application directory /Users/joseph/Development/asteroid-visualization/apache-tomcat-7.0.61/webapps/ROOT
Apr 11, 2015 5:05:27 PM org.apache.catalina.startup.HostConfig deployDirectory
INFO: Deployment of web application directory /Users/joseph/Development/asteroid-visualization/apache-tomcat-7.0.61/webapps/ROOT has finished in 39 ms
Apr 11, 2015 5:05:27 PM org.apache.coyote.AbstractProtocol start
INFO: Starting ProtocolHandler ["ajp-bio-8009"]
Apr 11, 2015 5:05:27 PM org.apache.catalina.startup.Catalina start
INFO: Server startup in 991 ms
Apr 11, 2015 5:06:18 PM org.apache.catalina.startup.VersionLoggerListener log
INFO: Server version:        Apache Tomcat/7.0.61
Apr 11, 2015 5:06:18 PM org.apache.catalina.startup.VersionLoggerListener log
INFO: Server built:          Mar 27 2015 12:03:56 UTC
Apr 11, 2015 5:06:18 PM org.apache.catalina.startup.VersionLoggerListener log
INFO: Server number:         7.0.61.0
Apr 11, 2015 5:06:18 PM org.apache.catalina.startup.VersionLoggerListener log
INFO: OS Name:               Mac OS X
Apr 11, 2015 5:06:18 PM org.apache.catalina.startup.VersionLoggerListener log
INFO: OS Version:            10.10.2
Apr 11, 2015 5:06:18 PM org.apache.catalina.startup.VersionLoggerListener log
INFO: Architecture:          x86_64
Apr 11, 2015 5:06:18 PM org.apache.catalina.startup.VersionLoggerListener log
INFO: Java Home:             /Library/Java/JavaVirtualMachines/jdk1.7.0_55.jdk/Contents/Home/jre
Apr 11, 2015 5:06:18 PM org.apache.catalina.startup.VersionLoggerListener log
INFO: JVM Version:           1.7.0_55-b13
Apr 11, 2015 5:06:18 PM org.apache.catalina.startup.VersionLoggerListener log
INFO: JVM Vendor:            Oracle Corporation
Apr 11, 2015 5:06:18 PM org.apache.catalina.startup.VersionLoggerListener log
INFO: CATALINA_BASE:         /Users/joseph/Development/asteroid-visualization/apache-tomcat-7.0.61
Apr 11, 2015 5:06:18 PM org.apache.catalina.startup.VersionLoggerListener log
INFO: CATALINA_HOME:         /Users/joseph/Development/asteroid-visualization/apache-tomcat-7.0.61
Apr 11, 2015 5:06:18 PM org.apache.catalina.startup.VersionLoggerListener log
INFO: Command line argument: -Djava.util.logging.config.file=/Users/joseph/Development/asteroid-visualization/apache-tomcat-7.0.61/conf/logging.properties
Apr 11, 2015 5:06:18 PM org.apache.catalina.startup.VersionLoggerListener log
INFO: Command line argument: -Djava.util.logging.manager=org.apache.juli.ClassLoaderLogManager
Apr 11, 2015 5:06:18 PM org.apache.catalina.startup.VersionLoggerListener log
INFO: Command line argument: -Djava.endorsed.dirs=/Users/joseph/Development/asteroid-visualization/apache-tomcat-7.0.61/endorsed
Apr 11, 2015 5:06:18 PM org.apache.catalina.startup.VersionLoggerListener log
INFO: Command line argument: -Dcatalina.base=/Users/joseph/Development/asteroid-visualization/apache-tomcat-7.0.61
Apr 11, 2015 5:06:18 PM org.apache.catalina.startup.VersionLoggerListener log
INFO: Command line argument: -Dcatalina.home=/Users/joseph/Development/asteroid-visualization/apache-tomcat-7.0.61
Apr 11, 2015 5:06:18 PM org.apache.catalina.startup.VersionLoggerListener log
INFO: Command line argument: -Djava.io.tmpdir=/Users/joseph/Development/asteroid-visualization/apache-tomcat-7.0.61/temp
Apr 11, 2015 5:06:18 PM org.apache.catalina.core.AprLifecycleListener lifecycleEvent
INFO: The APR based Apache Tomcat Native library which allows optimal performance in production environments was not found on the java.library.path: /Users/joseph/Library/Java/Extensions:/Library/Java/Extensions:/Network/Library/Java/Extensions:/System/Library/Java/Extensions:/usr/lib/java:.
Apr 11, 2015 5:06:19 PM org.apache.coyote.AbstractProtocol init
INFO: Initializing ProtocolHandler ["http-bio-8080"]
Apr 11, 2015 5:06:19 PM org.apache.coyote.AbstractProtocol init
INFO: Initializing ProtocolHandler ["ajp-bio-8009"]
Apr 11, 2015 5:06:19 PM org.apache.catalina.startup.Catalina load
INFO: Initialization processed in 527 ms
Apr 11, 2015 5:06:19 PM org.apache.catalina.core.StandardService startInternal
INFO: Starting service Catalina
Apr 11, 2015 5:06:19 PM org.apache.catalina.core.StandardEngine startInternal
INFO: Starting Servlet Engine: Apache Tomcat/7.0.61
Apr 11, 2015 5:06:19 PM org.apache.catalina.startup.HostConfig deployWAR
INFO: Deploying web application archive /Users/joseph/Development/asteroid-visualization/apache-tomcat-7.0.61/webapps/cacheSampleJavaNativeAPIs.war
Apr 11, 2015 5:06:19 PM org.apache.catalina.startup.HostConfig deployWAR
INFO: Deployment of web application archive /Users/joseph/Development/asteroid-visualization/apache-tomcat-7.0.61/webapps/cacheSampleJavaNativeAPIs.war has finished in 401 ms
Apr 11, 2015 5:06:19 PM org.apache.catalina.startup.HostConfig deployDirectory
INFO: Deploying web application directory /Users/joseph/Development/asteroid-visualization/apache-tomcat-7.0.61/webapps/docs
Apr 11, 2015 5:06:19 PM org.apache.catalina.startup.HostConfig deployDirectory
INFO: Deployment of web application directory /Users/joseph/Development/asteroid-visualization/apache-tomcat-7.0.61/webapps/docs has finished in 49 ms
Apr 11, 2015 5:06:19 PM org.apache.catalina.startup.HostConfig deployDirectory
INFO: Deploying web application directory /Users/joseph/Development/asteroid-visualization/apache-tomcat-7.0.61/webapps/examples
Apr 11, 2015 5:06:19 PM org.apache.catalina.startup.HostConfig deployDirectory
INFO: Deployment of web application directory /Users/joseph/Development/asteroid-visualization/apache-tomcat-7.0.61/webapps/examples has finished in 229 ms
Apr 11, 2015 5:06:19 PM org.apache.catalina.startup.HostConfig deployDirectory
INFO: Deploying web application directory /Users/joseph/Development/asteroid-visualization/apache-tomcat-7.0.61/webapps/host-manager
Apr 11, 2015 5:06:19 PM org.apache.catalina.startup.HostConfig deployDirectory
INFO: Deployment of web application directory /Users/joseph/Development/asteroid-visualization/apache-tomcat-7.0.61/webapps/host-manager has finished in 48 ms
Apr 11, 2015 5:06:19 PM org.apache.catalina.startup.HostConfig deployDirectory
INFO: Deploying web application directory /Users/joseph/Development/asteroid-visualization/apache-tomcat-7.0.61/webapps/manager
Apr 11, 2015 5:06:19 PM org.apache.catalina.startup.HostConfig deployDirectory
INFO: Deployment of web application directory /Users/joseph/Development/asteroid-visualization/apache-tomcat-7.0.61/webapps/manager has finished in 49 ms
Apr 11, 2015 5:06:19 PM org.apache.catalina.startup.HostConfig deployDirectory
INFO: Deploying web application directory /Users/joseph/Development/asteroid-visualization/apache-tomcat-7.0.61/webapps/ROOT
Apr 11, 2015 5:06:19 PM org.apache.catalina.startup.HostConfig deployDirectory
INFO: Deployment of web application directory /Users/joseph/Development/asteroid-visualization/apache-tomcat-7.0.61/webapps/ROOT has finished in 38 ms
Apr 11, 2015 5:06:19 PM org.apache.coyote.AbstractProtocol start
INFO: Starting ProtocolHandler ["http-bio-8080"]
Apr 11, 2015 5:06:19 PM org.apache.coyote.AbstractProtocol start
INFO: Starting ProtocolHandler ["ajp-bio-8009"]
Apr 11, 2015 5:06:19 PM org.apache.catalina.startup.Catalina start
INFO: Server startup in 873 ms
Apr 11, 2015 5:07:52 PM org.apache.catalina.core.StandardServer await
INFO: A valid shutdown command was received via the shutdown port. Stopping the Server instance.
Apr 11, 2015 5:07:52 PM org.apache.coyote.AbstractProtocol pause
INFO: Pausing ProtocolHandler ["http-bio-8080"]
Apr 11, 2015 5:07:52 PM org.apache.coyote.AbstractProtocol pause
INFO: Pausing ProtocolHandler ["ajp-bio-8009"]
Apr 11, 2015 5:07:52 PM org.apache.catalina.core.StandardService stopInternal
INFO: Stopping service Catalina
Apr 11, 2015 5:07:52 PM org.apache.coyote.AbstractProtocol stop
INFO: Stopping ProtocolHandler ["http-bio-8080"]
Apr 11, 2015 5:07:52 PM org.apache.coyote.AbstractProtocol stop
INFO: Stopping ProtocolHandler ["ajp-bio-8009"]
Apr 11, 2015 5:07:52 PM org.apache.coyote.AbstractProtocol destroy
INFO: Destroying ProtocolHandler ["http-bio-8080"]
Apr 11, 2015 5:07:52 PM org.apache.coyote.AbstractProtocol destroy
INFO: Destroying ProtocolHandler ["ajp-bio-8009"]
Apr 11, 2015 5:07:53 PM org.apache.catalina.startup.VersionLoggerListener log
INFO: Server version:        Apache Tomcat/7.0.61
Apr 11, 2015 5:07:53 PM org.apache.catalina.startup.VersionLoggerListener log
INFO: Server built:          Mar 27 2015 12:03:56 UTC
Apr 11, 2015 5:07:53 PM org.apache.catalina.startup.VersionLoggerListener log
INFO: Server number:         7.0.61.0
Apr 11, 2015 5:07:53 PM org.apache.catalina.startup.VersionLoggerListener log
INFO: OS Name:               Mac OS X
Apr 11, 2015 5:07:53 PM org.apache.catalina.startup.VersionLoggerListener log
INFO: OS Version:            10.10.2
Apr 11, 2015 5:07:53 PM org.apache.catalina.startup.VersionLoggerListener log
INFO: Architecture:          x86_64
Apr 11, 2015 5:07:53 PM org.apache.catalina.startup.VersionLoggerListener log
INFO: Java Home:             /Library/Java/JavaVirtualMachines/jdk1.7.0_55.jdk/Contents/Home/jre
Apr 11, 2015 5:07:53 PM org.apache.catalina.startup.VersionLoggerListener log
INFO: JVM Version:           1.7.0_55-b13
Apr 11, 2015 5:07:53 PM org.apache.catalina.startup.VersionLoggerListener log
INFO: JVM Vendor:            Oracle Corporation
Apr 11, 2015 5:07:53 PM org.apache.catalina.startup.VersionLoggerListener log
INFO: CATALINA_BASE:         /Users/joseph/Development/asteroid-visualization/apache-tomcat-7.0.61
Apr 11, 2015 5:07:53 PM org.apache.catalina.startup.VersionLoggerListener log
INFO: CATALINA_HOME:         /Users/joseph/Development/asteroid-visualization/apache-tomcat-7.0.61
Apr 11, 2015 5:07:53 PM org.apache.catalina.startup.VersionLoggerListener log
INFO: Command line argument: -Djava.util.logging.config.file=/Users/joseph/Development/asteroid-visualization/apache-tomcat-7.0.61/conf/logging.properties
Apr 11, 2015 5:07:53 PM org.apache.catalina.startup.VersionLoggerListener log
INFO: Command line argument: -Djava.util.logging.manager=org.apache.juli.ClassLoaderLogManager
Apr 11, 2015 5:07:53 PM org.apache.catalina.startup.VersionLoggerListener log
INFO: Command line argument: -Djava.endorsed.dirs=/Users/joseph/Development/asteroid-visualization/apache-tomcat-7.0.61/endorsed
Apr 11, 2015 5:07:53 PM org.apache.catalina.startup.VersionLoggerListener log
INFO: Command line argument: -Dcatalina.base=/Users/joseph/Development/asteroid-visualization/apache-tomcat-7.0.61
Apr 11, 2015 5:07:53 PM org.apache.catalina.startup.VersionLoggerListener log
INFO: Command line argument: -Dcatalina.home=/Users/joseph/Development/asteroid-visualization/apache-tomcat-7.0.61
Apr 11, 2015 5:07:53 PM org.apache.catalina.startup.VersionLoggerListener log
INFO: Command line argument: -Djava.io.tmpdir=/Users/joseph/Development/asteroid-visualization/apache-tomcat-7.0.61/temp
Apr 11, 2015 5:07:53 PM org.apache.catalina.core.AprLifecycleListener lifecycleEvent
INFO: The APR based Apache Tomcat Native library which allows optimal performance in production environments was not found on the java.library.path: /Users/joseph/Library/Java/Extensions:/Library/Java/Extensions:/Network/Library/Java/Extensions:/System/Library/Java/Extensions:/usr/lib/java:.
Apr 11, 2015 5:07:53 PM org.apache.coyote.AbstractProtocol init
INFO: Initializing ProtocolHandler ["http-bio-8080"]
Apr 11, 2015 5:07:53 PM org.apache.coyote.AbstractProtocol init
INFO: Initializing ProtocolHandler ["ajp-bio-8009"]
Apr 11, 2015 5:07:53 PM org.apache.catalina.startup.Catalina load
INFO: Initialization processed in 521 ms
Apr 11, 2015 5:07:53 PM org.apache.catalina.core.StandardService startInternal
INFO: Starting service Catalina
Apr 11, 2015 5:07:53 PM org.apache.catalina.core.StandardEngine startInternal
INFO: Starting Servlet Engine: Apache Tomcat/7.0.61
Apr 11, 2015 5:07:53 PM org.apache.catalina.startup.HostConfig deployWAR
INFO: Deploying web application archive /Users/joseph/Development/asteroid-visualization/apache-tomcat-7.0.61/webapps/cacheSampleJavaNativeAPIs.war
Apr 11, 2015 5:07:53 PM org.apache.catalina.startup.HostConfig deployWAR
INFO: Deployment of web application archive /Users/joseph/Development/asteroid-visualization/apache-tomcat-7.0.61/webapps/cacheSampleJavaNativeAPIs.war has finished in 408 ms
Apr 11, 2015 5:07:53 PM org.apache.catalina.startup.HostConfig deployDirectory
INFO: Deploying web application directory /Users/joseph/Development/asteroid-visualization/apache-tomcat-7.0.61/webapps/docs
Apr 11, 2015 5:07:53 PM org.apache.catalina.startup.HostConfig deployDirectory
INFO: Deployment of web application directory /Users/joseph/Development/asteroid-visualization/apache-tomcat-7.0.61/webapps/docs has finished in 59 ms
Apr 11, 2015 5:07:53 PM org.apache.catalina.startup.HostConfig deployDirectory
INFO: Deploying web application directory /Users/joseph/Development/asteroid-visualization/apache-tomcat-7.0.61/webapps/examples
Apr 11, 2015 5:07:53 PM org.apache.catalina.startup.HostConfig deployDirectory
INFO: Deployment of web application directory /Users/joseph/Development/asteroid-visualization/apache-tomcat-7.0.61/webapps/examples has finished in 234 ms
Apr 11, 2015 5:07:53 PM org.apache.catalina.startup.HostConfig deployDirectory
INFO: Deploying web application directory /Users/joseph/Development/asteroid-visualization/apache-tomcat-7.0.61/webapps/host-manager
Apr 11, 2015 5:07:54 PM org.apache.catalina.startup.HostConfig deployDirectory
INFO: Deployment of web application directory /Users/joseph/Development/asteroid-visualization/apache-tomcat-7.0.61/webapps/host-manager has finished in 49 ms
Apr 11, 2015 5:07:54 PM org.apache.catalina.startup.HostConfig deployDirectory
INFO: Deploying web application directory /Users/joseph/Development/asteroid-visualization/apache-tomcat-7.0.61/webapps/manager
Apr 11, 2015 5:07:54 PM org.apache.catalina.startup.HostConfig deployDirectory
INFO: Deployment of web application directory /Users/joseph/Development/asteroid-visualization/apache-tomcat-7.0.61/webapps/manager has finished in 62 ms
Apr 11, 2015 5:07:54 PM org.apache.catalina.startup.HostConfig deployDirectory
INFO: Deploying web application directory /Users/joseph/Development/asteroid-visualization/apache-tomcat-7.0.61/webapps/ROOT
Apr 11, 2015 5:07:54 PM org.apache.catalina.startup.HostConfig deployDirectory
INFO: Deployment of web application directory /Users/joseph/Development/asteroid-visualization/apache-tomcat-7.0.61/webapps/ROOT has finished in 37 ms
Apr 11, 2015 5:07:54 PM org.apache.coyote.AbstractProtocol start
INFO: Starting ProtocolHandler ["http-bio-8080"]
Apr 11, 2015 5:07:54 PM org.apache.coyote.AbstractProtocol start
INFO: Starting ProtocolHandler ["ajp-bio-8009"]
Apr 11, 2015 5:07:54 PM org.apache.catalina.startup.Catalina start
INFO: Server startup in 912 ms
Apr 11, 2015 5:08:11 PM org.apache.catalina.core.StandardContext reload
INFO: Reloading Context with name [/cacheSampleJavaNativeAPIs] has started
Apr 11, 2015 5:08:11 PM org.apache.catalina.core.StandardContext reload
INFO: Reloading Context with name [/cacheSampleJavaNativeAPIs] is completed
Apr 11, 2015 5:11:04 PM org.apache.catalina.startup.HostConfig undeploy
INFO: Undeploying context []
Apr 11, 2015 5:11:04 PM org.apache.catalina.startup.HostConfig deployDirectory
INFO: Deploying web application directory /Users/joseph/Development/asteroid-visualization/apache-tomcat-7.0.61/webapps/ROOT_ORIG
Apr 11, 2015 5:11:04 PM org.apache.catalina.startup.HostConfig deployDirectory
INFO: Deployment of web application directory /Users/joseph/Development/asteroid-visualization/apache-tomcat-7.0.61/webapps/ROOT_ORIG has finished in 37 ms
Apr 11, 2015 5:12:14 PM org.apache.catalina.startup.HostConfig deployWAR
INFO: Deploying web application archive /Users/joseph/Development/asteroid-visualization/apache-tomcat-7.0.61/webapps/ROOT.war
Apr 11, 2015 5:12:14 PM org.apache.catalina.startup.HostConfig deployWAR
INFO: Deployment of web application archive /Users/joseph/Development/asteroid-visualization/apache-tomcat-7.0.61/webapps/ROOT.war has finished in 57 ms
Apr 11, 2015 5:15:13 PM org.apache.catalina.core.StandardServer await
INFO: A valid shutdown command was received via the shutdown port. Stopping the Server instance.
Apr 11, 2015 5:15:13 PM org.apache.coyote.AbstractProtocol pause
INFO: Pausing ProtocolHandler ["http-bio-8080"]
Apr 11, 2015 5:15:13 PM org.apache.coyote.AbstractProtocol pause
INFO: Pausing ProtocolHandler ["ajp-bio-8009"]
Apr 11, 2015 5:15:13 PM org.apache.catalina.core.StandardService stopInternal
INFO: Stopping service Catalina
Apr 11, 2015 5:15:13 PM org.apache.coyote.AbstractProtocol stop
INFO: Stopping ProtocolHandler ["http-bio-8080"]
Apr 11, 2015 5:15:13 PM org.apache.coyote.AbstractProtocol stop
INFO: Stopping ProtocolHandler ["ajp-bio-8009"]
Apr 11, 2015 5:15:13 PM org.apache.coyote.AbstractProtocol destroy
INFO: Destroying ProtocolHandler ["http-bio-8080"]
Apr 11, 2015 5:15:13 PM org.apache.coyote.AbstractProtocol destroy
INFO: Destroying ProtocolHandler ["ajp-bio-8009"]
Apr 11, 2015 5:15:13 PM org.apache.catalina.startup.VersionLoggerListener log
INFO: Server version:        Apache Tomcat/7.0.61
Apr 11, 2015 5:15:13 PM org.apache.catalina.startup.VersionLoggerListener log
INFO: Server built:          Mar 27 2015 12:03:56 UTC
Apr 11, 2015 5:15:13 PM org.apache.catalina.startup.VersionLoggerListener log
INFO: Server number:         7.0.61.0
Apr 11, 2015 5:15:13 PM org.apache.catalina.startup.VersionLoggerListener log
INFO: OS Name:               Mac OS X
Apr 11, 2015 5:15:13 PM org.apache.catalina.startup.VersionLoggerListener log
INFO: OS Version:            10.10.2
Apr 11, 2015 5:15:13 PM org.apache.catalina.startup.VersionLoggerListener log
INFO: Architecture:          x86_64
Apr 11, 2015 5:15:13 PM org.apache.catalina.startup.VersionLoggerListener log
INFO: Java Home:             /Library/Java/JavaVirtualMachines/jdk1.7.0_55.jdk/Contents/Home/jre
Apr 11, 2015 5:15:13 PM org.apache.catalina.startup.VersionLoggerListener log
INFO: JVM Version:           1.7.0_55-b13
Apr 11, 2015 5:15:13 PM org.apache.catalina.startup.VersionLoggerListener log
INFO: JVM Vendor:            Oracle Corporation
Apr 11, 2015 5:15:13 PM org.apache.catalina.startup.VersionLoggerListener log
INFO: CATALINA_BASE:         /Users/joseph/Development/asteroid-visualization/apache-tomcat-7.0.61
Apr 11, 2015 5:15:13 PM org.apache.catalina.startup.VersionLoggerListener log
INFO: CATALINA_HOME:         /Users/joseph/Development/asteroid-visualization/apache-tomcat-7.0.61
Apr 11, 2015 5:15:13 PM org.apache.catalina.startup.VersionLoggerListener log
INFO: Command line argument: -Djava.util.logging.config.file=/Users/joseph/Development/asteroid-visualization/apache-tomcat-7.0.61/conf/logging.properties
Apr 11, 2015 5:15:13 PM org.apache.catalina.startup.VersionLoggerListener log
INFO: Command line argument: -Djava.util.logging.manager=org.apache.juli.ClassLoaderLogManager
Apr 11, 2015 5:15:13 PM org.apache.catalina.startup.VersionLoggerListener log
INFO: Command line argument: -Djava.endorsed.dirs=/Users/joseph/Development/asteroid-visualization/apache-tomcat-7.0.61/endorsed
Apr 11, 2015 5:15:13 PM org.apache.catalina.startup.VersionLoggerListener log
INFO: Command line argument: -Dcatalina.base=/Users/joseph/Development/asteroid-visualization/apache-tomcat-7.0.61
Apr 11, 2015 5:15:13 PM org.apache.catalina.startup.VersionLoggerListener log
INFO: Command line argument: -Dcatalina.home=/Users/joseph/Development/asteroid-visualization/apache-tomcat-7.0.61
Apr 11, 2015 5:15:13 PM org.apache.catalina.startup.VersionLoggerListener log
INFO: Command line argument: -Djava.io.tmpdir=/Users/joseph/Development/asteroid-visualization/apache-tomcat-7.0.61/temp
Apr 11, 2015 5:15:13 PM org.apache.catalina.core.AprLifecycleListener lifecycleEvent
INFO: The APR based Apache Tomcat Native library which allows optimal performance in production environments was not found on the java.library.path: /Users/joseph/Library/Java/Extensions:/Library/Java/Extensions:/Network/Library/Java/Extensions:/System/Library/Java/Extensions:/usr/lib/java:.
Apr 11, 2015 5:15:13 PM org.apache.coyote.AbstractProtocol init
INFO: Initializing ProtocolHandler ["http-bio-8080"]
Apr 11, 2015 5:15:13 PM org.apache.coyote.AbstractProtocol init
INFO: Initializing ProtocolHandler ["ajp-bio-8009"]
Apr 11, 2015 5:15:13 PM org.apache.catalina.startup.Catalina load
INFO: Initialization processed in 599 ms
Apr 11, 2015 5:15:13 PM org.apache.catalina.core.StandardService startInternal
INFO: Starting service Catalina
Apr 11, 2015 5:15:13 PM org.apache.catalina.core.StandardEngine startInternal
INFO: Starting Servlet Engine: Apache Tomcat/7.0.61
Apr 11, 2015 5:15:13 PM org.apache.catalina.startup.HostConfig deployWAR
INFO: Deploying web application archive /Users/joseph/Development/asteroid-visualization/apache-tomcat-7.0.61/webapps/cacheSampleJavaNativeAPIs.war
Apr 11, 2015 5:15:13 PM org.apache.catalina.startup.HostConfig deployWAR
INFO: Deployment of web application archive /Users/joseph/Development/asteroid-visualization/apache-tomcat-7.0.61/webapps/cacheSampleJavaNativeAPIs.war has finished in 396 ms
Apr 11, 2015 5:15:13 PM org.apache.catalina.startup.HostConfig deployWAR
INFO: Deploying web application archive /Users/joseph/Development/asteroid-visualization/apache-tomcat-7.0.61/webapps/ROOT.war
Apr 11, 2015 5:15:14 PM org.apache.catalina.startup.HostConfig deployWAR
INFO: Deployment of web application archive /Users/joseph/Development/asteroid-visualization/apache-tomcat-7.0.61/webapps/ROOT.war has finished in 79 ms
Apr 11, 2015 5:15:14 PM org.apache.catalina.startup.HostConfig deployDirectory
INFO: Deploying web application directory /Users/joseph/Development/asteroid-visualization/apache-tomcat-7.0.61/webapps/docs
Apr 11, 2015 5:15:14 PM org.apache.catalina.startup.HostConfig deployDirectory
INFO: Deployment of web application directory /Users/joseph/Development/asteroid-visualization/apache-tomcat-7.0.61/webapps/docs has finished in 65 ms
Apr 11, 2015 5:15:14 PM org.apache.catalina.startup.HostConfig deployDirectory
INFO: Deploying web application directory /Users/joseph/Development/asteroid-visualization/apache-tomcat-7.0.61/webapps/examples
Apr 11, 2015 5:15:14 PM org.apache.catalina.startup.HostConfig deployDirectory
INFO: Deployment of web application directory /Users/joseph/Development/asteroid-visualization/apache-tomcat-7.0.61/webapps/examples has finished in 207 ms
Apr 11, 2015 5:15:14 PM org.apache.catalina.startup.HostConfig deployDirectory
INFO: Deploying web application directory /Users/joseph/Development/asteroid-visualization/apache-tomcat-7.0.61/webapps/host-manager
Apr 11, 2015 5:15:14 PM org.apache.catalina.startup.HostConfig deployDirectory
INFO: Deployment of web application directory /Users/joseph/Development/asteroid-visualization/apache-tomcat-7.0.61/webapps/host-manager has finished in 47 ms
Apr 11, 2015 5:15:14 PM org.apache.catalina.startup.HostConfig deployDirectory
INFO: Deploying web application directory /Users/joseph/Development/asteroid-visualization/apache-tomcat-7.0.61/webapps/manager
Apr 11, 2015 5:15:14 PM org.apache.catalina.startup.HostConfig deployDirectory
INFO: Deployment of web application directory /Users/joseph/Development/asteroid-visualization/apache-tomcat-7.0.61/webapps/manager has finished in 59 ms
Apr 11, 2015 5:15:14 PM org.apache.catalina.startup.HostConfig deployDirectory
INFO: Deploying web application directory /Users/joseph/Development/asteroid-visualization/apache-tomcat-7.0.61/webapps/ROOT_ORIG
Apr 11, 2015 5:15:14 PM org.apache.catalina.startup.HostConfig deployDirectory
INFO: Deployment of web application directory /Users/joseph/Development/asteroid-visualization/apache-tomcat-7.0.61/webapps/ROOT_ORIG has finished in 36 ms
Apr 11, 2015 5:15:14 PM org.apache.coyote.AbstractProtocol start
INFO: Starting ProtocolHandler ["http-bio-8080"]
Apr 11, 2015 5:15:14 PM org.apache.coyote.AbstractProtocol start
INFO: Starting ProtocolHandler ["ajp-bio-8009"]
Apr 11, 2015 5:15:14 PM org.apache.catalina.startup.Catalina start
INFO: Server startup in 952 ms
Apr 11, 2015 5:15:48 PM org.apache.catalina.core.StandardServer await
INFO: A valid shutdown command was received via the shutdown port. Stopping the Server instance.
Apr 11, 2015 5:15:48 PM org.apache.coyote.AbstractProtocol pause
INFO: Pausing ProtocolHandler ["http-bio-8080"]
Apr 11, 2015 5:15:48 PM org.apache.coyote.AbstractProtocol pause
INFO: Pausing ProtocolHandler ["ajp-bio-8009"]
Apr 11, 2015 5:15:48 PM org.apache.catalina.core.StandardService stopInternal
INFO: Stopping service Catalina
Apr 11, 2015 5:15:48 PM org.apache.coyote.AbstractProtocol stop
INFO: Stopping ProtocolHandler ["http-bio-8080"]
Apr 11, 2015 5:15:48 PM org.apache.coyote.AbstractProtocol stop
INFO: Stopping ProtocolHandler ["ajp-bio-8009"]
Apr 11, 2015 5:15:48 PM org.apache.coyote.AbstractProtocol destroy
INFO: Destroying ProtocolHandler ["http-bio-8080"]
Apr 11, 2015 5:15:48 PM org.apache.coyote.AbstractProtocol destroy
INFO: Destroying ProtocolHandler ["ajp-bio-8009"]
Apr 11, 2015 5:15:49 PM org.apache.catalina.startup.VersionLoggerListener log
INFO: Server version:        Apache Tomcat/7.0.61
Apr 11, 2015 5:15:49 PM org.apache.catalina.startup.VersionLoggerListener log
INFO: Server built:          Mar 27 2015 12:03:56 UTC
Apr 11, 2015 5:15:49 PM org.apache.catalina.startup.VersionLoggerListener log
INFO: Server number:         7.0.61.0
Apr 11, 2015 5:15:49 PM org.apache.catalina.startup.VersionLoggerListener log
INFO: OS Name:               Mac OS X
Apr 11, 2015 5:15:49 PM org.apache.catalina.startup.VersionLoggerListener log
INFO: OS Version:            10.10.2
Apr 11, 2015 5:15:49 PM org.apache.catalina.startup.VersionLoggerListener log
INFO: Architecture:          x86_64
Apr 11, 2015 5:15:49 PM org.apache.catalina.startup.VersionLoggerListener log
INFO: Java Home:             /Library/Java/JavaVirtualMachines/jdk1.7.0_55.jdk/Contents/Home/jre
Apr 11, 2015 5:15:49 PM org.apache.catalina.startup.VersionLoggerListener log
INFO: JVM Version:           1.7.0_55-b13
Apr 11, 2015 5:15:49 PM org.apache.catalina.startup.VersionLoggerListener log
INFO: JVM Vendor:            Oracle Corporation
Apr 11, 2015 5:15:49 PM org.apache.catalina.startup.VersionLoggerListener log
INFO: CATALINA_BASE:         /Users/joseph/Development/asteroid-visualization/apache-tomcat-7.0.61
Apr 11, 2015 5:15:49 PM org.apache.catalina.startup.VersionLoggerListener log
INFO: CATALINA_HOME:         /Users/joseph/Development/asteroid-visualization/apache-tomcat-7.0.61
Apr 11, 2015 5:15:49 PM org.apache.catalina.startup.VersionLoggerListener log
INFO: Command line argument: -Djava.util.logging.config.file=/Users/joseph/Development/asteroid-visualization/apache-tomcat-7.0.61/conf/logging.properties
Apr 11, 2015 5:15:49 PM org.apache.catalina.startup.VersionLoggerListener log
INFO: Command line argument: -Djava.util.logging.manager=org.apache.juli.ClassLoaderLogManager
Apr 11, 2015 5:15:49 PM org.apache.catalina.startup.VersionLoggerListener log
INFO: Command line argument: -Djava.endorsed.dirs=/Users/joseph/Development/asteroid-visualization/apache-tomcat-7.0.61/endorsed
Apr 11, 2015 5:15:49 PM org.apache.catalina.startup.VersionLoggerListener log
INFO: Command line argument: -Dcatalina.base=/Users/joseph/Development/asteroid-visualization/apache-tomcat-7.0.61
Apr 11, 2015 5:15:49 PM org.apache.catalina.startup.VersionLoggerListener log
INFO: Command line argument: -Dcatalina.home=/Users/joseph/Development/asteroid-visualization/apache-tomcat-7.0.61
Apr 11, 2015 5:15:49 PM org.apache.catalina.startup.VersionLoggerListener log
INFO: Command line argument: -Djava.io.tmpdir=/Users/joseph/Development/asteroid-visualization/apache-tomcat-7.0.61/temp
Apr 11, 2015 5:15:49 PM org.apache.catalina.core.AprLifecycleListener lifecycleEvent
INFO: The APR based Apache Tomcat Native library which allows optimal performance in production environments was not found on the java.library.path: /Users/joseph/Library/Java/Extensions:/Library/Java/Extensions:/Network/Library/Java/Extensions:/System/Library/Java/Extensions:/usr/lib/java:.
Apr 11, 2015 5:15:49 PM org.apache.coyote.AbstractProtocol init
INFO: Initializing ProtocolHandler ["http-bio-8080"]
Apr 11, 2015 5:15:49 PM org.apache.coyote.AbstractProtocol init
INFO: Initializing ProtocolHandler ["ajp-bio-8009"]
Apr 11, 2015 5:15:49 PM org.apache.catalina.startup.Catalina load
INFO: Initialization processed in 541 ms
Apr 11, 2015 5:15:49 PM org.apache.catalina.core.StandardService startInternal
INFO: Starting service Catalina
Apr 11, 2015 5:15:49 PM org.apache.catalina.core.StandardEngine startInternal
INFO: Starting Servlet Engine: Apache Tomcat/7.0.61
Apr 11, 2015 5:15:49 PM org.apache.catalina.startup.HostConfig deployWAR
INFO: Deploying web application archive /Users/joseph/Development/asteroid-visualization/apache-tomcat-7.0.61/webapps/cacheSampleJavaNativeAPIs.war
Apr 11, 2015 5:15:49 PM org.apache.catalina.startup.HostConfig deployWAR
INFO: Deployment of web application archive /Users/joseph/Development/asteroid-visualization/apache-tomcat-7.0.61/webapps/cacheSampleJavaNativeAPIs.war has finished in 392 ms
Apr 11, 2015 5:15:49 PM org.apache.catalina.startup.HostConfig deployWAR
INFO: Deploying web application archive /Users/joseph/Development/asteroid-visualization/apache-tomcat-7.0.61/webapps/ROOT.war
Apr 11, 2015 5:15:49 PM org.apache.catalina.startup.HostConfig deployWAR
INFO: Deployment of web application archive /Users/joseph/Development/asteroid-visualization/apache-tomcat-7.0.61/webapps/ROOT.war has finished in 78 ms
Apr 11, 2015 5:15:49 PM org.apache.catalina.startup.HostConfig deployDirectory
INFO: Deploying web application directory /Users/joseph/Development/asteroid-visualization/apache-tomcat-7.0.61/webapps/docs
Apr 11, 2015 5:15:49 PM org.apache.catalina.startup.HostConfig deployDirectory
INFO: Deployment of web application directory /Users/joseph/Development/asteroid-visualization/apache-tomcat-7.0.61/webapps/docs has finished in 57 ms
Apr 11, 2015 5:15:49 PM org.apache.catalina.startup.HostConfig deployDirectory
INFO: Deploying web application directory /Users/joseph/Development/asteroid-visualization/apache-tomcat-7.0.61/webapps/examples
Apr 11, 2015 5:15:50 PM org.apache.catalina.startup.HostConfig deployDirectory
INFO: Deployment of web application directory /Users/joseph/Development/asteroid-visualization/apache-tomcat-7.0.61/webapps/examples has finished in 206 ms
Apr 11, 2015 5:15:50 PM org.apache.catalina.startup.HostConfig deployDirectory
INFO: Deploying web application directory /Users/joseph/Development/asteroid-visualization/apache-tomcat-7.0.61/webapps/host-manager
Apr 11, 2015 5:15:50 PM org.apache.catalina.startup.HostConfig deployDirectory
INFO: Deployment of web application directory /Users/joseph/Development/asteroid-visualization/apache-tomcat-7.0.61/webapps/host-manager has finished in 47 ms
Apr 11, 2015 5:15:50 PM org.apache.catalina.startup.HostConfig deployDirectory
INFO: Deploying web application directory /Users/joseph/Development/asteroid-visualization/apache-tomcat-7.0.61/webapps/manager
Apr 11, 2015 5:15:50 PM org.apache.catalina.startup.HostConfig deployDirectory
INFO: Deployment of web application directory /Users/joseph/Development/asteroid-visualization/apache-tomcat-7.0.61/webapps/manager has finished in 57 ms
Apr 11, 2015 5:15:50 PM org.apache.catalina.startup.HostConfig deployDirectory
INFO: Deploying web application directory /Users/joseph/Development/asteroid-visualization/apache-tomcat-7.0.61/webapps/ROOT_ORIG
Apr 11, 2015 5:15:50 PM org.apache.catalina.startup.HostConfig deployDirectory
INFO: Deployment of web application directory /Users/joseph/Development/asteroid-visualization/apache-tomcat-7.0.61/webapps/ROOT_ORIG has finished in 37 ms
Apr 11, 2015 5:15:50 PM org.apache.coyote.AbstractProtocol start
INFO: Starting ProtocolHandler ["http-bio-8080"]
Apr 11, 2015 5:15:50 PM org.apache.coyote.AbstractProtocol start
INFO: Starting ProtocolHandler ["ajp-bio-8009"]
Apr 11, 2015 5:15:50 PM org.apache.catalina.startup.Catalina start
INFO: Server startup in 934 ms
Apr 11, 2015 5:16:32 PM org.apache.catalina.core.StandardServer await
INFO: A valid shutdown command was received via the shutdown port. Stopping the Server instance.
Apr 11, 2015 5:16:32 PM org.apache.coyote.AbstractProtocol pause
INFO: Pausing ProtocolHandler ["http-bio-8080"]
Apr 11, 2015 5:16:32 PM org.apache.coyote.AbstractProtocol pause
INFO: Pausing ProtocolHandler ["ajp-bio-8009"]
Apr 11, 2015 5:16:32 PM org.apache.catalina.core.StandardService stopInternal
INFO: Stopping service Catalina
Apr 11, 2015 5:16:32 PM org.apache.coyote.AbstractProtocol stop
INFO: Stopping ProtocolHandler ["http-bio-8080"]
Apr 11, 2015 5:16:32 PM org.apache.coyote.AbstractProtocol stop
INFO: Stopping ProtocolHandler ["ajp-bio-8009"]
Apr 11, 2015 5:16:32 PM org.apache.coyote.AbstractProtocol destroy
INFO: Destroying ProtocolHandler ["http-bio-8080"]
Apr 11, 2015 5:16:32 PM org.apache.coyote.AbstractProtocol destroy
INFO: Destroying ProtocolHandler ["ajp-bio-8009"]
Apr 11, 2015 5:16:33 PM org.apache.catalina.startup.VersionLoggerListener log
INFO: Server version:        Apache Tomcat/7.0.61
Apr 11, 2015 5:16:33 PM org.apache.catalina.startup.VersionLoggerListener log
INFO: Server built:          Mar 27 2015 12:03:56 UTC
Apr 11, 2015 5:16:33 PM org.apache.catalina.startup.VersionLoggerListener log
INFO: Server number:         7.0.61.0
Apr 11, 2015 5:16:33 PM org.apache.catalina.startup.VersionLoggerListener log
INFO: OS Name:               Mac OS X
Apr 11, 2015 5:16:33 PM org.apache.catalina.startup.VersionLoggerListener log
INFO: OS Version:            10.10.2
Apr 11, 2015 5:16:33 PM org.apache.catalina.startup.VersionLoggerListener log
INFO: Architecture:          x86_64
Apr 11, 2015 5:16:33 PM org.apache.catalina.startup.VersionLoggerListener log
INFO: Java Home:             /Library/Java/JavaVirtualMachines/jdk1.7.0_55.jdk/Contents/Home/jre
Apr 11, 2015 5:16:33 PM org.apache.catalina.startup.VersionLoggerListener log
INFO: JVM Version:           1.7.0_55-b13
Apr 11, 2015 5:16:33 PM org.apache.catalina.startup.VersionLoggerListener log
INFO: JVM Vendor:            Oracle Corporation
Apr 11, 2015 5:16:33 PM org.apache.catalina.startup.VersionLoggerListener log
INFO: CATALINA_BASE:         /Users/joseph/Development/asteroid-visualization/apache-tomcat-7.0.61
Apr 11, 2015 5:16:33 PM org.apache.catalina.startup.VersionLoggerListener log
INFO: CATALINA_HOME:         /Users/joseph/Development/asteroid-visualization/apache-tomcat-7.0.61
Apr 11, 2015 5:16:33 PM org.apache.catalina.startup.VersionLoggerListener log
INFO: Command line argument: -Djava.util.logging.config.file=/Users/joseph/Development/asteroid-visualization/apache-tomcat-7.0.61/conf/logging.properties
Apr 11, 2015 5:16:33 PM org.apache.catalina.startup.VersionLoggerListener log
INFO: Command line argument: -Djava.util.logging.manager=org.apache.juli.ClassLoaderLogManager
Apr 11, 2015 5:16:33 PM org.apache.catalina.startup.VersionLoggerListener log
INFO: Command line argument: -Djava.endorsed.dirs=/Users/joseph/Development/asteroid-visualization/apache-tomcat-7.0.61/endorsed
Apr 11, 2015 5:16:33 PM org.apache.catalina.startup.VersionLoggerListener log
INFO: Command line argument: -Dcatalina.base=/Users/joseph/Development/asteroid-visualization/apache-tomcat-7.0.61
Apr 11, 2015 5:16:33 PM org.apache.catalina.startup.VersionLoggerListener log
INFO: Command line argument: -Dcatalina.home=/Users/joseph/Development/asteroid-visualization/apache-tomcat-7.0.61
Apr 11, 2015 5:16:33 PM org.apache.catalina.startup.VersionLoggerListener log
INFO: Command line argument: -Djava.io.tmpdir=/Users/joseph/Development/asteroid-visualization/apache-tomcat-7.0.61/temp
Apr 11, 2015 5:16:33 PM org.apache.catalina.core.AprLifecycleListener lifecycleEvent
INFO: The APR based Apache Tomcat Native library which allows optimal performance in production environments was not found on the java.library.path: /Users/joseph/Library/Java/Extensions:/Library/Java/Extensions:/Network/Library/Java/Extensions:/System/Library/Java/Extensions:/usr/lib/java:.
Apr 11, 2015 5:16:33 PM org.apache.coyote.AbstractProtocol init
INFO: Initializing ProtocolHandler ["http-bio-8080"]
Apr 11, 2015 5:16:33 PM org.apache.coyote.AbstractProtocol init
INFO: Initializing ProtocolHandler ["ajp-bio-8009"]
Apr 11, 2015 5:16:33 PM org.apache.catalina.startup.Catalina load
INFO: Initialization processed in 528 ms
Apr 11, 2015 5:16:33 PM org.apache.catalina.core.StandardService startInternal
INFO: Starting service Catalina
Apr 11, 2015 5:16:33 PM org.apache.catalina.core.StandardEngine startInternal
INFO: Starting Servlet Engine: Apache Tomcat/7.0.61
Apr 11, 2015 5:16:33 PM org.apache.catalina.startup.HostConfig deployWAR
INFO: Deploying web application archive /Users/joseph/Development/asteroid-visualization/apache-tomcat-7.0.61/webapps/cacheSampleJavaNativeAPIs.war
Apr 11, 2015 5:16:33 PM org.apache.catalina.startup.HostConfig deployWAR
INFO: Deployment of web application archive /Users/joseph/Development/asteroid-visualization/apache-tomcat-7.0.61/webapps/cacheSampleJavaNativeAPIs.war has finished in 398 ms
Apr 11, 2015 5:16:33 PM org.apache.catalina.startup.HostConfig deployWAR
INFO: Deploying web application archive /Users/joseph/Development/asteroid-visualization/apache-tomcat-7.0.61/webapps/ROOT.war
Apr 11, 2015 5:16:33 PM org.apache.catalina.startup.HostConfig deployWAR
INFO: Deployment of web application archive /Users/joseph/Development/asteroid-visualization/apache-tomcat-7.0.61/webapps/ROOT.war has finished in 81 ms
Apr 11, 2015 5:16:33 PM org.apache.catalina.startup.HostConfig deployDirectory
INFO: Deploying web application directory /Users/joseph/Development/asteroid-visualization/apache-tomcat-7.0.61/webapps/docs
Apr 11, 2015 5:16:34 PM org.apache.catalina.startup.HostConfig deployDirectory
INFO: Deployment of web application directory /Users/joseph/Development/asteroid-visualization/apache-tomcat-7.0.61/webapps/docs has finished in 57 ms
Apr 11, 2015 5:16:34 PM org.apache.catalina.startup.HostConfig deployDirectory
INFO: Deploying web application directory /Users/joseph/Development/asteroid-visualization/apache-tomcat-7.0.61/webapps/examples
Apr 11, 2015 5:16:34 PM org.apache.catalina.startup.HostConfig deployDirectory
INFO: Deployment of web application directory /Users/joseph/Development/asteroid-visualization/apache-tomcat-7.0.61/webapps/examples has finished in 206 ms
Apr 11, 2015 5:16:34 PM org.apache.catalina.startup.HostConfig deployDirectory
INFO: Deploying web application directory /Users/joseph/Development/asteroid-visualization/apache-tomcat-7.0.61/webapps/host-manager
Apr 11, 2015 5:16:34 PM org.apache.catalina.startup.HostConfig deployDirectory
INFO: Deployment of web application directory /Users/joseph/Development/asteroid-visualization/apache-tomcat-7.0.61/webapps/host-manager has finished in 48 ms
Apr 11, 2015 5:16:34 PM org.apache.catalina.startup.HostConfig deployDirectory
INFO: Deploying web application directory /Users/joseph/Development/asteroid-visualization/apache-tomcat-7.0.61/webapps/manager
Apr 11, 2015 5:16:34 PM org.apache.catalina.startup.HostConfig deployDirectory
INFO: Deployment of web application directory /Users/joseph/Development/asteroid-visualization/apache-tomcat-7.0.61/webapps/manager has finished in 58 ms
Apr 11, 2015 5:16:34 PM org.apache.catalina.startup.HostConfig deployDirectory
INFO: Deploying web application directory /Users/joseph/Development/asteroid-visualization/apache-tomcat-7.0.61/webapps/ROOT_ORIG
Apr 11, 2015 5:16:34 PM org.apache.catalina.startup.HostConfig deployDirectory
INFO: Deployment of web application directory /Users/joseph/Development/asteroid-visualization/apache-tomcat-7.0.61/webapps/ROOT_ORIG has finished in 37 ms
Apr 11, 2015 5:16:34 PM org.apache.coyote.AbstractProtocol start
INFO: Starting ProtocolHandler ["http-bio-8080"]
Apr 11, 2015 5:16:34 PM org.apache.coyote.AbstractProtocol start
INFO: Starting ProtocolHandler ["ajp-bio-8009"]
Apr 11, 2015 5:16:34 PM org.apache.catalina.startup.Catalina start
INFO: Server startup in 946 ms
